[W 2021-10-24 17:18:54.391 LabApp] 'port' has moved from NotebookApp to ServerApp. This config will be passed to ServerApp. Be sure to update your config before our next release.
[W 2021-10-24 17:18:54.392 LabApp] 'port' has moved from NotebookApp to ServerApp. This config will be passed to ServerApp. Be sure to update your config before our next release.
[W 2021-10-24 17:18:54.392 LabApp] 'port' has moved from NotebookApp to ServerApp. This config will be passed to ServerApp. Be sure to update your config before our next release.
[I 2021-10-24 17:18:54.398 LabApp] JupyterLab extension loaded from /home/dev/anaconda3/lib/python3.8/site-packages/jupyterlab
[I 2021-10-24 17:18:54.398 LabApp] JupyterLab application directory is /home/dev/anaconda3/share/jupyter/lab
[I 17:18:54.402 NotebookApp] Serving notebooks from local directory: /home/dev/AI
[I 17:18:54.402 NotebookApp] Jupyter Notebook 6.3.0 is running at:
[I 17:18:54.402 NotebookApp] http://localhost:8080/?token=5079eb3fd93fe2ef9bd68e39b5418998149582deacc8d989
[I 17:18:54.402 NotebookApp]  or http://127.0.0.1:8080/?token=5079eb3fd93fe2ef9bd68e39b5418998149582deacc8d989
[I 17:18:54.402 NotebookApp] Use Control-C to stop this server and shut down all kernels (twice to skip confirmation).
[C 17:18:54.404 NotebookApp] 
    
    To access the notebook, open this file in a browser:
        file:///home/dev/.local/share/jupyter/runtime/nbserver-28873-open.html
    Or copy and paste one of these URLs:
        http://localhost:8080/?token=5079eb3fd93fe2ef9bd68e39b5418998149582deacc8d989
     or http://127.0.0.1:8080/?token=5079eb3fd93fe2ef9bd68e39b5418998149582deacc8d989
[I 17:19:06.850 NotebookApp] 302 GET /?token=5079eb3fd93fe2ef9bd68e39b5418998149582deacc8d989 (127.0.0.1) 0.840000ms
[W 17:19:14.200 NotebookApp] Notebook hh/hh_parser_data_scientist.ipynb is not trusted
[I 17:19:14.781 NotebookApp] Kernel started: fd30d89e-a605-4383-b9e5-45eb696db75d, name: python3
[W 17:19:25.650 NotebookApp] Notebook hh/hh_parser_python_dev.ipynb is not trusted
[I 17:19:26.132 NotebookApp] Kernel started: ae8c5196-1969-471e-b608-b5b5496266c2, name: python3
[I 17:21:14.947 NotebookApp] Saving file at /hh/hh_parser_data_scientist.ipynb
[W 17:21:14.948 NotebookApp] Notebook hh/hh_parser_data_scientist.ipynb is not trusted
[I 17:21:26.297 NotebookApp] Saving file at /hh/hh_parser_python_dev.ipynb
[W 17:21:26.297 NotebookApp] Notebook hh/hh_parser_python_dev.ipynb is not trusted
[I 17:25:14.963 NotebookApp] Saving file at /hh/hh_parser_data_scientist.ipynb
[W 17:25:14.964 NotebookApp] Notebook hh/hh_parser_data_scientist.ipynb is not trusted
[W 17:27:02.062 NotebookApp] Notebook hh/hh_parser_2.ipynb is not trusted
[I 17:27:02.312 NotebookApp] Kernel started: f47d881d-1d9b-4a84-8836-cc1699f2d056, name: python3
[I 17:27:04.711 NotebookApp] Starting buffering for f47d881d-1d9b-4a84-8836-cc1699f2d056:f2dbce2dd825412a8a64fce051bb713a
[I 17:29:15.012 NotebookApp] Saving file at /hh/hh_parser_data_scientist.ipynb
[W 17:29:15.012 NotebookApp] Notebook hh/hh_parser_data_scientist.ipynb is not trusted
[I 17:31:15.036 NotebookApp] Saving file at /hh/hh_parser_data_scientist.ipynb
[I 17:31:23.231 NotebookApp] Saving file at /hh/hh_parser_data_scientist.ipynb
[I 17:33:15.096 NotebookApp] Saving file at /hh/hh_parser_data_scientist.ipynb
[I 17:41:14.906 NotebookApp] Saving file at /hh/hh_parser_data_scientist.ipynb
[I 17:47:08.092 NotebookApp] Saving file at /hh/hh_parser_python_dev.ipynb
[W 17:47:08.092 NotebookApp] Notebook hh/hh_parser_python_dev.ipynb is not trusted
[I 17:47:29.664 NotebookApp] Saving file at /hh/hh_parser_data_scientist.ipynb
[I 17:48:01.221 NotebookApp] Saving file at /hh/hh_parser_data_scientist.ipynb
[I 17:48:03.532 NotebookApp] Saving file at /hh/hh_parser_python_dev.ipynb
[W 17:48:03.532 NotebookApp] Notebook hh/hh_parser_python_dev.ipynb is not trusted
[I 17:49:26.342 NotebookApp] Saving file at /hh/hh_parser_python_dev.ipynb
[W 17:49:26.342 NotebookApp] Notebook hh/hh_parser_python_dev.ipynb is not trusted
[I 18:17:26.457 NotebookApp] Saving file at /hh/hh_parser_python_dev.ipynb
[W 18:17:26.458 NotebookApp] Notebook hh/hh_parser_python_dev.ipynb is not trusted
[I 18:41:26.276 NotebookApp] Saving file at /hh/hh_parser_python_dev.ipynb
[W 18:41:26.276 NotebookApp] Notebook hh/hh_parser_python_dev.ipynb is not trusted
[I 18:43:26.293 NotebookApp] Saving file at /hh/hh_parser_python_dev.ipynb
[W 18:43:26.294 NotebookApp] Notebook hh/hh_parser_python_dev.ipynb is not trusted
[I 18:45:26.300 NotebookApp] Saving file at /hh/hh_parser_python_dev.ipynb
[W 18:45:26.300 NotebookApp] Notebook hh/hh_parser_python_dev.ipynb is not trusted
[I 18:47:26.310 NotebookApp] Saving file at /hh/hh_parser_python_dev.ipynb
[W 18:47:26.310 NotebookApp] Notebook hh/hh_parser_python_dev.ipynb is not trusted
[I 18:49:26.337 NotebookApp] Saving file at /hh/hh_parser_python_dev.ipynb
[W 18:49:26.337 NotebookApp] Notebook hh/hh_parser_python_dev.ipynb is not trusted
[I 18:51:26.388 NotebookApp] Saving file at /hh/hh_parser_python_dev.ipynb
[W 18:51:26.389 NotebookApp] Notebook hh/hh_parser_python_dev.ipynb is not trusted
[I 18:53:26.264 NotebookApp] Saving file at /hh/hh_parser_python_dev.ipynb
[W 18:53:26.264 NotebookApp] Notebook hh/hh_parser_python_dev.ipynb is not trusted
[I 18:55:26.317 NotebookApp] Saving file at /hh/hh_parser_python_dev.ipynb
[W 18:55:26.317 NotebookApp] Notebook hh/hh_parser_python_dev.ipynb is not trusted
[I 18:57:26.280 NotebookApp] Saving file at /hh/hh_parser_python_dev.ipynb
[W 18:57:26.280 NotebookApp] Notebook hh/hh_parser_python_dev.ipynb is not trusted
[I 18:59:26.308 NotebookApp] Saving file at /hh/hh_parser_python_dev.ipynb
[W 18:59:26.308 NotebookApp] Notebook hh/hh_parser_python_dev.ipynb is not trusted
[I 19:01:26.285 NotebookApp] Saving file at /hh/hh_parser_python_dev.ipynb
[W 19:01:26.286 NotebookApp] Notebook hh/hh_parser_python_dev.ipynb is not trusted
[I 19:03:26.318 NotebookApp] Saving file at /hh/hh_parser_python_dev.ipynb
[W 19:03:26.319 NotebookApp] Notebook hh/hh_parser_python_dev.ipynb is not trusted
[I 19:05:26.349 NotebookApp] Saving file at /hh/hh_parser_python_dev.ipynb
[W 19:05:26.350 NotebookApp] Notebook hh/hh_parser_python_dev.ipynb is not trusted
[I 19:07:26.290 NotebookApp] Saving file at /hh/hh_parser_python_dev.ipynb
[W 19:07:26.291 NotebookApp] Notebook hh/hh_parser_python_dev.ipynb is not trusted
[I 19:09:26.306 NotebookApp] Saving file at /hh/hh_parser_python_dev.ipynb
[W 19:09:26.306 NotebookApp] Notebook hh/hh_parser_python_dev.ipynb is not trusted
[I 19:35:26.409 NotebookApp] Saving file at /hh/hh_parser_python_dev.ipynb
[W 19:35:26.409 NotebookApp] Notebook hh/hh_parser_python_dev.ipynb is not trusted
[I 19:37:26.392 NotebookApp] Saving file at /hh/hh_parser_python_dev.ipynb
[I 19:39:10.494 NotebookApp] Saving file at /hh/hh_parser_python_dev.ipynb
